2022-01-28 10:28:28.204  INFO 9004 --- [restartedMain] com.ssafy.a105.A105Application           : Starting A105Application using Java 11.0.13 on DESKTOP-KVCQHCD with PID 9004 (D:\SSAFY\B105_공통\a105\a105\build\classes\java\main started by SSAFY in D:\SSAFY\B105_공통\a105\a105)
2022-01-28 10:28:28.210  INFO 9004 --- [restartedMain] com.ssafy.a105.A105Application           : No active profile set, falling back to default profiles: default
2022-01-28 10:28:28.247  INFO 9004 --- [restartedMain] .e.DevToolsPropertyDefaultsPostProcessor : Devtools property defaults active! Set 'spring.devtools.add-properties' to 'false' to disable
2022-01-28 10:28:28.247  INFO 9004 --- [restartedMain] .e.DevToolsPropertyDefaultsPostProcessor : For additional web related logging consider setting the 'logging.level.web' property to 'DEBUG'
2022-01-28 10:28:28.990  INFO 9004 --- [restartedMain] .s.d.r.c.RepositoryConfigurationDelegate : Bootstrapping Spring Data JPA repositories in DEFAULT mode.
2022-01-28 10:28:29.003  INFO 9004 --- [restartedMain] .s.d.r.c.RepositoryConfigurationDelegate : Finished Spring Data repository scanning in 7 ms. Found 0 JPA repository interfaces.
2022-01-28 10:28:29.735  INFO 9004 --- [restartedMain] o.s.b.w.embedded.tomcat.TomcatWebServer  : Tomcat initialized with port(s): 8080 (http)
2022-01-28 10:28:29.742  INFO 9004 --- [restartedMain] o.apache.catalina.core.StandardService   : Starting service [Tomcat]
2022-01-28 10:28:29.742  INFO 9004 --- [restartedMain] org.apache.catalina.core.StandardEngine  : Starting Servlet engine: [Apache Tomcat/9.0.55]
2022-01-28 10:28:29.815  INFO 9004 --- [restartedMain] o.a.c.c.C.[Tomcat].[localhost].[/]       : Initializing Spring embedded WebApplicationContext
2022-01-28 10:28:29.815  INFO 9004 --- [restartedMain] w.s.c.ServletWebServerApplicationContext : Root WebApplicationContext: initialization completed in 1568 ms
2022-01-28 10:28:30.042  INFO 9004 --- [restartedMain] o.hibernate.jpa.internal.util.LogHelper  : HHH000204: Processing PersistenceUnitInfo [name: default]
2022-01-28 10:28:30.086  INFO 9004 --- [restartedMain] org.hibernate.Version                    : HHH000412: Hibernate ORM core version 5.4.32.Final
2022-01-28 10:28:30.173  INFO 9004 --- [restartedMain] o.hibernate.annotations.common.Version   : HCANN000001: Hibernate Commons Annotations {5.1.2.Final}
2022-01-28 10:28:30.239  INFO 9004 --- [restartedMain] com.zaxxer.hikari.HikariDataSource       : HikariPool-1 - Starting...
2022-01-28 10:28:30.434  INFO 9004 --- [restartedMain] com.zaxxer.hikari.HikariDataSource       : HikariPool-1 - Start completed.
2022-01-28 10:28:30.443  INFO 9004 --- [restartedMain] org.hibernate.dialect.Dialect            : HHH000400: Using dialect: org.hibernate.dialect.MySQL57Dialect
2022-01-28 10:28:31.012  INFO 9004 --- [restartedMain] o.h.e.t.j.p.i.JtaPlatformInitiator       : HHH000490: Using JtaPlatform implementation: [org.hibernate.engine.transaction.jta.platform.internal.NoJtaPlatform]
2022-01-28 10:28:31.019  INFO 9004 --- [restartedMain] j.LocalContainerEntityManagerFactoryBean : Initialized JPA EntityManagerFactory for persistence unit 'default'
2022-01-28 10:28:31.153  WARN 9004 --- [restartedMain] JpaBaseConfiguration$JpaWebConfiguration : spring.jpa.open-in-view is enabled by default. Therefore, database queries may be performed during view rendering. Explicitly configure spring.jpa.open-in-view to disable this warning
2022-01-28 10:28:31.206 DEBUG 9004 --- [restartedMain] s.w.s.m.m.a.RequestMappingHandlerMapping : 7 mappings in 'requestMappingHandlerMapping'
2022-01-28 10:28:31.251  INFO 9004 --- [restartedMain] o.s.b.a.e.web.EndpointLinksResolver      : Exposing 1 endpoint(s) beneath base path '/actuator'
2022-01-28 10:28:31.392  INFO 9004 --- [restartedMain] o.s.b.d.a.OptionalLiveReloadServer       : LiveReload server is running on port 35729
2022-01-28 10:28:31.402 DEBUG 9004 --- [restartedMain] s.w.s.m.m.a.RequestMappingHandlerAdapter : ControllerAdvice beans: 0 @ModelAttribute, 0 @InitBinder, 1 RequestBodyAdvice, 1 ResponseBodyAdvice
2022-01-28 10:28:31.433 DEBUG 9004 --- [restartedMain] o.s.w.s.handler.SimpleUrlHandlerMapping  : Patterns [/swagger-ui/] in 'viewControllerHandlerMapping'
2022-01-28 10:28:31.440 DEBUG 9004 --- [restartedMain] o.s.w.s.c.annotation.WebMvcConfigurer    : Default resource handling disabled
2022-01-28 10:28:31.572 DEBUG 9004 --- [restartedMain] o.s.w.s.handler.SimpleUrlHandlerMapping  : Patterns [/swagger-ui/**] in 'resourceHandlerMapping'
2022-01-28 10:28:31.577 DEBUG 9004 --- [restartedMain] .m.m.a.ExceptionHandlerExceptionResolver : ControllerAdvice beans: 0 @ExceptionHandler, 1 ResponseBodyAdvice
2022-01-28 10:28:31.636  INFO 9004 --- [restartedMain] .s.s.UserDetailsServiceAutoConfiguration : 

Using generated security password: 5f3201a6-6dec-47aa-8038-e91aee152e3c

2022-01-28 10:28:31.713  INFO 9004 --- [restartedMain] o.s.s.web.DefaultSecurityFilterChain     : Will secure any request with [org.springframework.security.web.context.request.async.WebAsyncManagerIntegrationFilter@6261ef64, org.springframework.security.web.context.SecurityContextPersistenceFilter@1b7ba594, org.springframework.security.web.header.HeaderWriterFilter@6cf5588f, org.springframework.web.filter.CorsFilter@30ba5df9, org.springframework.security.web.csrf.CsrfFilter@4dd79054, org.springframework.security.web.authentication.logout.LogoutFilter@60621f10, org.springframework.security.web.authentication.UsernamePasswordAuthenticationFilter@2a5957f5, org.springframework.security.web.authentication.ui.DefaultLoginPageGeneratingFilter@206a583e, org.springframework.security.web.authentication.ui.DefaultLogoutPageGeneratingFilter@29d85669, org.springframework.security.web.authentication.www.BasicAuthenticationFilter@7a0c6ee1, org.springframework.security.web.savedrequest.RequestCacheAwareFilter@2df811d0, org.springframework.security.web.servletapi.SecurityContextHolderAwareRequestFilter@1e146585, org.springframework.security.web.authentication.AnonymousAuthenticationFilter@2cd85d9a, org.springframework.security.web.session.SessionManagementFilter@51ec2e63, org.springframework.security.web.access.ExceptionTranslationFilter@23cd9c42, org.springframework.security.web.access.intercept.FilterSecurityInterceptor@2d5575c3]
2022-01-28 10:28:31.787  INFO 9004 --- [restartedMain] o.s.b.w.embedded.tomcat.TomcatWebServer  : Tomcat started on port(s): 8080 (http) with context path ''
2022-01-28 10:28:31.939  INFO 9004 --- [restartedMain] com.ssafy.a105.A105Application           : Started A105Application in 4.066 seconds (JVM running for 4.958)
